#
# There is insufficient memory for the Java Runtime Environment to continue.
# Native memory allocation (malloc) failed to allocate 1839376 bytes for Chunk::new
# Possible reasons:
#   The system is out of physical RAM or swap space
#   The process is running with CompressedOops enabled, and the Java Heap may be blocking the growth of the native heap
# Possible solutions:
#   Reduce memory load on the system
#   Increase physical memory or swap space
#   Check if swap backing store is full
#   Decrease Java heap size (-Xmx/-Xms)
#   Decrease number of Java threads
#   Decrease Java thread stack sizes (-Xss)
#   Set larger code cache with -XX:ReservedCodeCacheSize=
#   JVM is running with Unscaled Compressed Oops mode in which the Java heap is
#     placed in the first 4GB address space. The Java Heap base address is the
#     maximum limit for the native heap growth. Please use -XX:HeapBaseMinAddress
#     to set the Java Heap base and to place the Java Heap above 4GB virtual address.
# This output file may be truncated or incomplete.
#
#  Out of Memory Error (./src/hotspot/share/memory/arena.cpp:197), pid=8036, tid=11928
#
# JRE version: OpenJDK Runtime Environment (11.0.13) (build 11.0.13+0-b1751.21-8125866)
# Java VM: OpenJDK 64-Bit Server VM (11.0.13+0-b1751.21-8125866, mixed mode, tiered, compressed oops, g1 gc, windows-amd64)
# No core dump will be written. Minidumps are not enabled by default on client versions of Windows
#

---------------  S U M M A R Y ------------

Command Line: --add-opens=java.base/java.util=ALL-UNNAMED --add-opens=java.base/java.lang=ALL-UNNAMED --add-opens=java.base/java.lang.invoke=ALL-UNNAMED --add-opens=java.base/java.util=ALL-UNNAMED --add-opens=java.prefs/java.util.prefs=ALL-UNNAMED --add-opens=java.prefs/java.util.prefs=ALL-UNNAMED --add-opens=java.base/java.nio.charset=ALL-UNNAMED --add-opens=java.base/java.net=ALL-UNNAMED --add-opens=java.base/java.util.concurrent.atomic=ALL-UNNAMED -Xmx2048m -Dfile.encoding=UTF-8 -Duser.country=US -Duser.language=en -Duser.variant org.gradle.launcher.daemon.bootstrap.GradleDaemon 7.4

Host: Intel(R) Core(TM) i3-1005G1 CPU @ 1.20GHz, 4 cores, 11G,  Windows 11 , 64 bit Build 22000 (10.0.22000.120)
Time: Wed Nov 23 12:13:02 2022 Bangladesh Standard Time elapsed time: 5.243115 seconds (0d 0h 0m 5s)

---------------  T H R E A D  ---------------

Current thread (0x0000020eee84c000):  JavaThread "C2 CompilerThread0" daemon [_thread_in_native, id=11928, stack(0x000000e021500000,0x000000e021600000)]


Current CompileTask:
C2:   5243 2011       4       java.net.URLClassLoader$1::run (5 bytes)

Stack: [0x000000e021500000,0x000000e021600000]
Native frames: (J=compiled Java code, j=interpreted, Vv=VM code, C=native code)
V  [jvm.dll+0x6100fa]
V  [jvm.dll+0x747090]
V  [jvm.dll+0x7486ad]
V  [jvm.dll+0x748d83]
V  [jvm.dll+0x24ab48]
V  [jvm.dll+0xc04dc]
V  [jvm.dll+0xc0a0c]
V  [jvm.dll+0x35eb5b]
V  [jvm.dll+0x32b833]
V  [jvm.dll+0x32ad2a]
V  [jvm.dll+0x2032b2]
V  [jvm.dll+0x202437]
V  [jvm.dll+0x188e01]
V  [jvm.dll+0x21106b]
V  [jvm.dll+0x20f8c1]
V  [jvm.dll+0x70de0f]
V  [jvm.dll+0x706a75]
V  [jvm.dll+0x60ed66]
C  [ucrtbase.dll+0x26c0c]
C  [KERNEL32.DLL+0x154e0]
C  [ntdll.dll+0x485b]


---------------  P R O C E S S  ---------------

Threads class SMR info:
_java_thread_list=0x0000020ef0b54500, length=24, elements={
0x0000020ed240b800, 0x0000020eedfbe000, 0x0000020eee7e8800, 0x0000020eee83e800,
0x0000020eee83f800, 0x0000020eee840800, 0x0000020eee84c000, 0x0000020eee84d800,
0x0000020eee857000, 0x0000020eee9a5800, 0x0000020ef00a5800, 0x0000020ef06f0800,
0x0000020ef024d800, 0x0000020ef078e000, 0x0000020ef0c41800, 0x0000020ef1679800,
0x0000020ef07dd800, 0x0000020ef00de800, 0x0000020eefeda800, 0x0000020ef1058800,
0x0000020ef12ba000, 0x0000020ef0148000, 0x0000020ef09d8000, 0x0000020eeeb6e800
}

Java Threads: ( => current thread )
  0x0000020ed240b800 JavaThread "main" [_thread_blocked, id=6800, stack(0x000000e020800000,0x000000e020900000)]
  0x0000020eedfbe000 JavaThread "Reference Handler" daemon [_thread_blocked, id=1216, stack(0x000000e020f00000,0x000000e021000000)]
  0x0000020eee7e8800 JavaThread "Finalizer" daemon [_thread_blocked, id=2276, stack(0x000000e021000000,0x000000e021100000)]
  0x0000020eee83e800 JavaThread "Signal Dispatcher" daemon [_thread_blocked, id=2432, stack(0x000000e021200000,0x000000e021300000)]
  0x0000020eee83f800 JavaThread "Attach Listener" daemon [_thread_blocked, id=17780, stack(0x000000e021300000,0x000000e021400000)]
  0x0000020eee840800 JavaThread "Service Thread" daemon [_thread_blocked, id=1212, stack(0x000000e021400000,0x000000e021500000)]
=>0x0000020eee84c000 JavaThread "C2 CompilerThread0" daemon [_thread_in_native, id=11928, stack(0x000000e021500000,0x000000e021600000)]
  0x0000020eee84d800 JavaThread "C1 CompilerThread0" daemon [_thread_blocked, id=4340, stack(0x000000e021600000,0x000000e021700000)]
  0x0000020eee857000 JavaThread "Sweeper thread" daemon [_thread_blocked, id=10092, stack(0x000000e021700000,0x000000e021800000)]
  0x0000020eee9a5800 JavaThread "Common-Cleaner" daemon [_thread_blocked, id=17580, stack(0x000000e021800000,0x000000e021900000)]
  0x0000020ef00a5800 JavaThread "Daemon health stats" [_thread_blocked, id=15740, stack(0x000000e021e00000,0x000000e021f00000)]
  0x0000020ef06f0800 JavaThread "Incoming local TCP Connector on port 57091" [_thread_in_native, id=14576, stack(0x000000e021f00000,0x000000e022000000)]
  0x0000020ef024d800 JavaThread "Daemon periodic checks" [_thread_blocked, id=8640, stack(0x000000e022000000,0x000000e022100000)]
  0x0000020ef078e000 JavaThread "Daemon" [_thread_blocked, id=12468, stack(0x000000e022100000,0x000000e022200000)]
  0x0000020ef0c41800 JavaThread "Handler for socket connection from /127.0.0.1:57091 to /127.0.0.1:57092" [_thread_blocked, id=15412, stack(0x000000e022200000,0x000000e022300000)]
  0x0000020ef1679800 JavaThread "Cancel handler" [_thread_blocked, id=18196, stack(0x000000e022300000,0x000000e022400000)]
  0x0000020ef07dd800 JavaThread "Daemon worker" [_thread_blocked, id=4968, stack(0x000000e022400000,0x000000e022500000)]
  0x0000020ef00de800 JavaThread "Asynchronous log dispatcher for DefaultDaemonConnection: socket connection from /127.0.0.1:57091 to /127.0.0.1:57092" [_thread_blocked, id=12032, stack(0x000000e022500000,0x000000e022600000)]
  0x0000020eefeda800 JavaThread "Stdin handler" [_thread_blocked, id=16552, stack(0x000000e022600000,0x000000e022700000)]
  0x0000020ef1058800 JavaThread "Daemon client event forwarder" [_thread_blocked, id=17704, stack(0x000000e022700000,0x000000e022800000)]
  0x0000020ef12ba000 JavaThread "Cache worker for journal cache (C:\Users\mubar\.gradle\caches\journal-1)" [_thread_blocked, id=6212, stack(0x000000e022800000,0x000000e022900000)]
  0x0000020ef0148000 JavaThread "File lock request listener" [_thread_in_native, id=10988, stack(0x000000e022900000,0x000000e022a00000)]
  0x0000020ef09d8000 JavaThread "Cache worker for file hash cache (C:\Users\mubar\.gradle\caches\7.4\fileHashes)" [_thread_blocked, id=18068, stack(0x000000e022a00000,0x000000e022b00000)]
  0x0000020eeeb6e800 JavaThread "C2 CompilerThread1" daemon [_thread_blocked, id=11220, stack(0x000000e021a00000,0x000000e021b00000)]

Other Threads:
  0x0000020eedfbc800 VMThread "VM Thread" [stack: 0x000000e020e00000,0x000000e020f00000] [id=16292]
  0x0000020eeea16000 WatcherThread [stack: 0x000000e021900000,0x000000e021a00000] [id=8572]
  0x0000020ed2425000 GCTaskThread "GC Thread#0" [stack: 0x000000e020900000,0x000000e020a00000] [id=17412]
  0x0000020eef2db000 GCTaskThread "GC Thread#1" [stack: 0x000000e021b00000,0x000000e021c00000] [id=18164]
  0x0000020eef2db800 GCTaskThread "GC Thread#2" [stack: 0x000000e021c00000,0x000000e021d00000] [id=18332]
  0x0000020eef3c0800 GCTaskThread "GC Thread#3" [stack: 0x000000e021d00000,0x000000e021e00000] [id=18392]
  0x0000020ed2456800 ConcurrentGCThread "G1 Main Marker" [stack: 0x000000e020a00000,0x000000e020b00000] [id=11796]
  0x0000020ed2457800 ConcurrentGCThread "G1 Conc#0" [stack: 0x000000e020b00000,0x000000e020c00000] [id=10368]
  0x0000020eede26800 ConcurrentGCThread "G1 Refine#0" [stack: 0x000000e020c00000,0x000000e020d00000] [id=17264]
  0x0000020eede27800 ConcurrentGCThread "G1 Young RemSet Sampling" [stack: 0x000000e020d00000,0x000000e020e00000] [id=2116]

Threads with active compile tasks:
C2 CompilerThread0   5255 2011       4       java.net.URLClassLoader$1::run (5 bytes)
C2 CompilerThread1   5255 2143   !   4       java.net.URLClassLoader$1::run (81 bytes)

VM state:at safepoint (normal execution)

VM Mutex/Monitor currently owned by a thread:  ([mutex/lock_event])
[0x0000020ed2408980] Threads_lock - owner thread: 0x0000020eedfbc800
[0x0000020ed24087d0] Heap_lock - owner thread: 0x0000020ef07dd800

Heap address: 0x0000000080000000, size: 2048 MB, Compressed Oops mode: 32-bit
Narrow klass base: 0x0000000000000000, Narrow klass shift: 3
Compressed class space size: 1073741824 Address: 0x0000000100000000

Heap:
 garbage-first heap   total 192512K, used 19309K [0x0000000080000000, 0x0000000100000000)
  region size 1024K, 3 young (3072K), 3 survivors (3072K)
 Metaspace       used 25164K, capacity 25708K, committed 25728K, reserved 1079296K
  class space    used 3227K, capacity 3450K, committed 3456K, reserved 1048576K
Heap Regions: E=young(eden), S=young(survivor), O=old, HS=humongous(starts), HC=humongous(continues), CS=collection set, F=free, A=archive, TAMS=top-at-mark-start (previous, next)
|   0|0x0000000080000000, 0x0000000080100000, 0x0000000080100000|100%|HS|  |TAMS 0x0000000080100000, 0x0000000080100000| Complete 
|   1|0x0000000080100000, 0x0000000080200000, 0x0000000080200000|100%|HC|  |TAMS 0x0000000080200000, 0x0000000080200000| Complete 
|   2|0x0000000080200000, 0x0000000080300000, 0x0000000080300000|100%|HC|  |TAMS 0x0000000080300000, 0x0000000080300000| Complete 
|   3|0x0000000080300000, 0x0000000080400000, 0x0000000080400000|100%| O|  |TAMS 0x0000000080400000, 0x0000000080400000| Untracked 
|   4|0x0000000080400000, 0x0000000080500000, 0x0000000080500000|100%| O|  |TAMS 0x0000000080500000, 0x0000000080500000| Untracked 
|   5|0x0000000080500000, 0x0000000080600000, 0x0000000080600000|100%| O|  |TAMS 0x0000000080600000, 0x0000000080600000| Untracked 
|   6|0x0000000080600000, 0x0000000080700000, 0x0000000080700000|100%| O|  |TAMS 0x0000000080700000, 0x0000000080700000| Untracked 
|   7|0x0000000080700000, 0x0000000080800000, 0x0000000080800000|100%| O|  |TAMS 0x0000000080800000, 0x0000000080800000| Untracked 
|   8|0x0000000080800000, 0x0000000080900000, 0x0000000080900000|100%| O|  |TAMS 0x0000000080800000, 0x0000000080900000| Untracked 
|   9|0x0000000080900000, 0x0000000080a00000, 0x0000000080a00000|100%| O|  |TAMS 0x0000000080a00000, 0x0000000080a00000| Untracked 
|  10|0x0000000080a00000, 0x0000000080b00000, 0x0000000080b00000|100%| O|  |TAMS 0x0000000080ac9800, 0x0000000080b00000| Untracked 
|  11|0x0000000080b00000, 0x0000000080c00000, 0x0000000080c00000|100%| O|  |TAMS 0x0000000080b00000, 0x0000000080c00000| Untracked 
|  12|0x0000000080c00000, 0x0000000080d00000, 0x0000000080d00000|100%| O|  |TAMS 0x0000000080c00000, 0x0000000080d00000| Untracked 
|  13|0x0000000080d00000, 0x0000000080e00000, 0x0000000080e00000|100%| O|  |TAMS 0x0000000080d00000, 0x0000000080e00000| Untracked 
|  14|0x0000000080e00000, 0x0000000080f00000, 0x0000000080f00000|100%| O|  |TAMS 0x0000000080e00000, 0x0000000080f00000| Untracked 
|  15|0x0000000080f00000, 0x0000000080fdb400, 0x0000000081000000| 85%| O|  |TAMS 0x0000000080f00000, 0x0000000080fdb400| Untracked 
|  16|0x0000000081000000, 0x0000000081000000, 0x0000000081100000|  0%| F|  |TAMS 0x0000000081000000, 0x0000000081000000| Untracked 
|  17|0x0000000081100000, 0x0000000081100000, 0x0000000081200000|  0%| F|  |TAMS 0x0000000081100000, 0x0000000081100000| Untracked 
|  18|0x0000000081200000, 0x0000000081200000, 0x0000000081300000|  0%| F|  |TAMS 0x0000000081200000, 0x0000000081200000| Untracked 
|  19|0x0000000081300000, 0x0000000081300000, 0x0000000081400000|  0%| F|  |TAMS 0x0000000081300000, 0x0000000081300000| Untracked 
|  20|0x0000000081400000, 0x0000000081400000, 0x0000000081500000|  0%| F|  |TAMS 0x0000000081400000, 0x0000000081400000| Untracked 
|  21|0x0000000081500000, 0x0000000081500000, 0x0000000081600000|  0%| F|  |TAMS 0x0000000081500000, 0x0000000081500000| Untracked 
|  22|0x0000000081600000, 0x0000000081600000, 0x0000000081700000|  0%| F|  |TAMS 0x0000000081600000, 0x0000000081600000| Untracked 
|  23|0x0000000081700000, 0x0000000081700000, 0x0000000081800000|  0%| F|  |TAMS 0x0000000081700000, 0x0000000081700000| Untracked 
|  24|0x0000000081800000, 0x0000000081800000, 0x0000000081900000|  0%| F|  |TAMS 0x0000000081800000, 0x0000000081800000| Untracked 
|  25|0x0000000081900000, 0x0000000081900000, 0x0000000081a00000|  0%| F|  |TAMS 0x0000000081900000, 0x0000000081900000| Untracked 
|  26|0x0000000081a00000, 0x0000000081a00000, 0x0000000081b00000|  0%| F|  |TAMS 0x0000000081a00000, 0x0000000081a00000| Untracked 
|  27|0x0000000081b00000, 0x0000000081b00000, 0x0000000081c00000|  0%| F|  |TAMS 0x0000000081b00000, 0x0000000081b00000| Untracked 
|  28|0x0000000081c00000, 0x0000000081c00000, 0x0000000081d00000|  0%| F|  |TAMS 0x0000000081c00000, 0x0000000081c00000| Untracked 
|  29|0x0000000081d00000, 0x0000000081d00000, 0x0000000081e00000|  0%| F|  |TAMS 0x0000000081d00000, 0x0000000081d00000| Untracked 
|  30|0x0000000081e00000, 0x0000000081e00000, 0x0000000081f00000|  0%| F|  |TAMS 0x0000000081e00000, 0x0000000081e00000| Untracked 
|  31|0x0000000081f00000, 0x0000000081f00000, 0x0000000082000000|  0%| F|  |TAMS 0x0000000081f00000, 0x0000000081f00000| Untracked 
|  32|0x0000000082000000, 0x0000000082000000, 0x0000000082100000|  0%| F|  |TAMS 0x0000000082000000, 0x0000000082000000| Untracked 
|  33|0x0000000082100000, 0x0000000082100000, 0x0000000082200000|  0%| F|  |TAMS 0x0000000082100000, 0x0000000082100000| Untracked 
|  34|0x0000000082200000, 0x0000000082200000, 0x0000000082300000|  0%| F|  |TAMS 0x0000000082200000, 0x0000000082200000| Untracked 
|  35|0x0000000082300000, 0x0000000082300000, 0x0000000082400000|  0%| F|  |TAMS 0x0000000082300000, 0x0000000082300000| Untracked 
|  36|0x0000000082400000, 0x0000000082400000, 0x0000000082500000|  0%| F|  |TAMS 0x0000000082400000, 0x0000000082400000| Untracked 
|  37|0x0000000082500000, 0x0000000082500000, 0x0000000082600000|  0%| F|  |TAMS 0x0000000082500000, 0x0000000082500000| Untracked 
|  38|0x0000000082600000, 0x0000000082600000, 0x0000000082700000|  0%| F|  |TAMS 0x0000000082600000, 0x0000000082600000| Untracked 
|  39|0x0000000082700000, 0x0000000082700000, 0x0000000082800000|  0%| F|  |TAMS 0x0000000082700000, 0x0000000082700000| Untracked 
|  40|0x0000000082800000, 0x0000000082800000, 0x0000000082900000|  0%| F|  |TAMS 0x0000000082800000, 0x0000000082800000| Untracked 
|  41|0x0000000082900000, 0x0000000082900000, 0x0000000082a00000|  0%| F|  |TAMS 0x0000000082900000, 0x0000000082900000| Untracked 
|  42|0x0000000082a00000, 0x0000000082a00000, 0x0000000082b00000|  0%| F|  |TAMS 0x0000000082a00000, 0x0000000082a00000| Untracked 
|  43|0x0000000082b00000, 0x0000000082b00000, 0x0000000082c00000|  0%| F|  |TAMS 0x0000000082b00000, 0x0000000082b00000| Untracked 
|  44|0x0000000082c00000, 0x0000000082c00000, 0x0000000082d00000|  0%| F|  |TAMS 0x0000000082c00000, 0x0000000082c00000| Untracked 
|  45|0x0000000082d00000, 0x0000000082d00000, 0x0000000082e00000|  0%| F|  |TAMS 0x0000000082d00000, 0x0000000082d00000| Untracked 
|  46|0x0000000082e00000, 0x0000000082e00000, 0x0000000082f00000|  0%| F|  |TAMS 0x0000000082e00000, 0x0000000082e00000| Untracked 
|  47|0x0000000082f00000, 0x0000000082f00000, 0x0000000083000000|  0%| F|  |TAMS 0x0000000082f00000, 0x0000000082f00000| Untracked 
|  48|0x0000000083000000, 0x0000000083000000, 0x0000000083100000|  0%| F|  |TAMS 0x0000000083000000, 0x0000000083000000| Untracked 
|  49|0x0000000083100000, 0x0000000083100000, 0x0000000083200000|  0%| F|  |TAMS 0x0000000083100000, 0x0000000083100000| Untracked 
|  50|0x0000000083200000, 0x0000000083200000, 0x0000000083300000|  0%| F|  |TAMS 0x0000000083200000, 0x0000000083200000| Untracked 
|  51|0x0000000083300000, 0x0000000083300000, 0x0000000083400000|  0%| F|  |TAMS 0x0000000083300000, 0x0000000083300000| Untracked 
|  52|0x0000000083400000, 0x0000000083400000, 0x0000000083500000|  0%| F|  |TAMS 0x0000000083400000, 0x0000000083400000| Untracked 
|  53|0x0000000083500000, 0x0000000083500000, 0x0000000083600000|  0%| F|  |TAMS 0x0000000083500000, 0x0000000083500000| Untracked 
|  54|0x0000000083600000, 0x0000000083600000, 0x0000000083700000|  0%| F|  |TAMS 0x0000000083600000, 0x0000000083600000| Untracked 
|  55|0x0000000083700000, 0x0000000083700000, 0x0000000083800000|  0%| F|  |TAMS 0x0000000083700000, 0x0000000083700000| Untracked 
|  56|0x0000000083800000, 0x0000000083800000, 0x0000000083900000|  0%| F|  |TAMS 0x0000000083800000, 0x0000000083800000| Untracked 
|  57|0x0000000083900000, 0x0000000083900000, 0x0000000083a00000|  0%| F|  |TAMS 0x0000000083900000, 0x0000000083900000| Untracked 
|  58|0x0000000083a00000, 0x0000000083a00000, 0x0000000083b00000|  0%| F|  |TAMS 0x0000000083a00000, 0x0000000083a00000| Untracked 
|  59|0x0000000083b00000, 0x0000000083b00000, 0x0000000083c00000|  0%| F|  |TAMS 0x0000000083b00000, 0x0000000083b00000| Untracked 
|  60|0x0000000083c00000, 0x0000000083c00000, 0x0000000083d00000|  0%| F|  |TAMS 0x0000000083c00000, 0x0000000083c00000| Untracked 
|  61|0x0000000083d00000, 0x0000000083d00000, 0x0000000083e00000|  0%| F|  |TAMS 0x0000000083d00000, 0x0000000083d00000| Untracked 
|  62|0x0000000083e00000, 0x0000000083e00000, 0x0000000083f00000|  0%| F|  |TAMS 0x0000000083e00000, 0x0000000083e00000| Untracked 
|  63|0x0000000083f00000, 0x0000000083f00000, 0x0000000084000000|  0%| F|  |TAMS 0x0000000083f00000, 0x0000000083f00000| Untracked 
|  64|0x0000000084000000, 0x0000000084000000, 0x0000000084100000|  0%| F|  |TAMS 0x0000000084000000, 0x0000000084000000| Untracked 
|  65|0x0000000084100000, 0x0000000084100000, 0x0000000084200000|  0%| F|  |TAMS 0x0000000084100000, 0x0000000084100000| Untracked 
|  66|0x0000000084200000, 0x0000000084200000, 0x0000000084300000|  0%| F|  |TAMS 0x0000000084200000, 0x0000000084200000| Untracked 
|  67|0x0000000084300000, 0x0000000084300000, 0x0000000084400000|  0%| F|  |TAMS 0x0000000084300000, 0x0000000084300000| Untracked 
|  68|0x0000000084400000, 0x0000000084400000, 0x0000000084500000|  0%| F|  |TAMS 0x0000000084400000, 0x0000000084400000| Untracked 
|  69|0x0000000084500000, 0x0000000084500000, 0x0000000084600000|  0%| F|  |TAMS 0x0000000084500000, 0x0000000084500000| Untracked 
|  70|0x0000000084600000, 0x0000000084600000, 0x0000000084700000|  0%| F|  |TAMS 0x0000000084600000, 0x0000000084600000| Untracked 
|  71|0x0000000084700000, 0x0000000084700000, 0x0000000084800000|  0%| F|  |TAMS 0x0000000084700000, 0x0000000084700000| Untracked 
|  72|0x0000000084800000, 0x0000000084800000, 0x0000000084900000|  0%| F|  |TAMS 0x0000000084800000, 0x0000000084800000| Untracked 
|  73|0x0000000084900000, 0x0000000084900000, 0x0000000084a00000|  0%| F|  |TAMS 0x0000000084900000, 0x0000000084900000| Untracked 
|  74|0x0000000084a00000, 0x0000000084a00000, 0x0000000084b00000|  0%| F|  |TAMS 0x0000000084a00000, 0x0000000084a00000| Untracked 
|  75|0x0000000084b00000, 0x0000000084b00000, 0x0000000084c00000|  0%| F|  |TAMS 0x0000000084b00000, 0x0000000084b00000| Untracked 
|  76|0x0000000084c00000, 0x0000000084c00000, 0x0000000084d00000|  0%| F|  |TAMS 0x0000000084c00000, 0x0000000084c00000| Untracked 
|  77|0x0000000084d00000, 0x0000000084d00000, 0x0000000084e00000|  0%| F|  |TAMS 0x0000000084d00000, 0x0000000084d00000| Untracked 
|  78|0x0000000084e00000, 0x0000000084e00000, 0x0000000084f00000|  0%| F|  |TAMS 0x0000000084e00000, 0x0000000084e00000| Untracked 
|  79|0x0000000084f00000, 0x0000000084f00000, 0x0000000085000000|  0%| F|  |TAMS 0x0000000084f00000, 0x0000000084f00000| Untracked 
|  80|0x0000000085000000, 0x0000000085000000, 0x0000000085100000|  0%| F|  |TAMS 0x0000000085000000, 0x0000000085000000| Untracked 
|  81|0x0000000085100000, 0x0000000085100000, 0x0000000085200000|  0%| F|  |TAMS 0x0000000085100000, 0x0000000085100000| Untracked 
|  82|0x0000000085200000, 0x0000000085200000, 0x0000000085300000|  0%| F|  |TAMS 0x0000000085200000, 0x0000000085200000| Untracked 
|  83|0x0000000085300000, 0x0000000085300000, 0x0000000085400000|  0%| F|  |TAMS 0x0000000085300000, 0x0000000085300000| Untracked 
|  84|0x0000000085400000, 0x0000000085400000, 0x0000000085500000|  0%| F|  |TAMS 0x0000000085400000, 0x0000000085400000| Untracked 
|  85|0x0000000085500000, 0x0000000085500000, 0x0000000085600000|  0%| F|  |TAMS 0x0000000085500000, 0x0000000085500000| Untracked 
|  86|0x0000000085600000, 0x0000000085600000, 0x0000000085700000|  0%| F|  |TAMS 0x0000000085600000, 0x0000000085600000| Untracked 
|  87|0x0000000085700000, 0x0000000085700000, 0x0000000085800000|  0%| F|  |TAMS 0x0000000085700000, 0x0000000085700000| Untracked 
|  88|0x0000000085800000, 0x0000000085800000, 0x0000000085900000|  0%| F|  |TAMS 0x0000000085800000, 0x0000000085800000| Untracked 
|  89|0x0000000085900000, 0x0000000085900000, 0x0000000085a00000|  0%| F|  |TAMS 0x0000000085900000, 0x0000000085900000| Untracked 
|  90|0x0000000085a00000, 0x0000000085a00000, 0x0000000085b00000|  0%| F|  |TAMS 0x0000000085a00000, 0x0000000085a00000| Untracked 
|  91|0x0000000085b00000, 0x0000000085b00000, 0x0000000085c00000|  0%| F|  |TAMS 0x0000000085b00000, 0x0000000085b00000| Untracked 
|  92|0x0000000085c00000, 0x0000000085c00000, 0x0000000085d00000|  0%| F|  |TAMS 0x0000000085c00000, 0x0000000085c00000| Untracked 
|  93|0x0000000085d00000, 0x0000000085d00000, 0x0000000085e00000|  0%| F|  |TAMS 0x0000000085d00000, 0x0000000085d00000| Untracked 
|  94|0x0000000085e00000, 0x0000000085e00000, 0x0000000085f00000|  0%| F|  |TAMS 0x0000000085e00000, 0x0000000085e00000| Untracked 
|  95|0x0000000085f00000, 0x0000000085f00000, 0x0000000086000000|  0%| F|  |TAMS 0x0000000085f00000, 0x0000000085f00000| Untracked 
|  96|0x0000000086000000, 0x0000000086000000, 0x0000000086100000|  0%| F|  |TAMS 0x0000000086000000, 0x0000000086000000| Untracked 
|  97|0x0000000086100000, 0x0000000086100000, 0x0000000086200000|  0%| F|  |TAMS 0x0000000086100000, 0x0000000086100000| Untracked 
|  98|0x0000000086200000, 0x0000000086200000, 0x0000000086300000|  0%| F|  |TAMS 0x0000000086200000, 0x0000000086200000| Untracked 
|  99|0x0000000086300000, 0x0000000086300000, 0x0000000086400000|  0%| F|  |TAMS 0x0000000086300000, 0x0000000086300000| Untracked 
| 100|0x0000000086400000, 0x0000000086400000, 0x0000000086500000|  0%| F|  |TAMS 0x0000000086400000, 0x0000000086400000| Untracked 
| 101|0x0000000086500000, 0x0000000086500000, 0x0000000086600000|  0%| F|  |TAMS 0x0000000086500000, 0x0000000086500000| Untracked 
| 102|0x0000000086600000, 0x0000000086600000, 0x0000000086700000|  0%| F|  |TAMS 0x0000000086600000, 0x0000000086600000| Untracked 
| 103|0x0000000086700000, 0x0000000086700000, 0x0000000086800000|  0%| F|  |TAMS 0x0000000086700000, 0x0000000086700000| Untracked 
| 104|0x0000000086800000, 0x0000000086800000, 0x0000000086900000|  0%| F|  |TAMS 0x0000000086800000, 0x0000000086800000| Untracked 
| 105|0x0000000086900000, 0x0000000086900000, 0x0000000086a00000|  0%| F|  |TAMS 0x0000000086900000, 0x0000000086900000| Untracked 
| 106|0x0000000086a00000, 0x0000000086a00000, 0x0000000086b00000|  0%| F|  |TAMS 0x0000000086a00000, 0x0000000086a00000| Untracked 
| 107|0x0000000086b00000, 0x0000000086b00000, 0x0000000086c00000|  0%| F|  |TAMS 0x0000000086b00000, 0x0000000086b00000| Untracked 
| 108|0x0000000086c00000, 0x0000000086c00000, 0x0000000086d00000|  0%| F|  |TAMS 0x0000000086c00000, 0x0000000086c00000| Untracked 
| 109|0x0000000086d00000, 0x0000000086d00000, 0x0000000086e00000|  0%| F|  |TAMS 0x0000000086d00000, 0x0000000086d00000| Untracked 
| 110|0x0000000086e00000, 0x0000000086e00000, 0x0000000086f00000|  0%| F|  |TAMS 0x0000000086e00000, 0x0000000086e00000| Untracked 
| 111|0x0000000086f00000, 0x0000000086f00000, 0x0000000087000000|  0%| F|  |TAMS 0x0000000086f00000, 0x0000000086f00000| Untracked 
| 112|0x0000000087000000, 0x0000000087000000, 0x0000000087100000|  0%| F|  |TAMS 0x0000000087000000, 0x0000000087000000| Untracked 
| 113|0x0000000087100000, 0x0000000087100000, 0x0000000087200000|  0%| F|  |TAMS 0x0000000087100000, 0x0000000087100000| Untracked 
| 114|0x0000000087200000, 0x0000000087200000, 0x0000000087300000|  0%| F|  |TAMS 0x0000000087200000, 0x0000000087200000| Untracked 
| 115|0x0000000087300000, 0x0000000087300000, 0x0000000087400000|  0%| F|  |TAMS 0x0000000087300000, 0x0000000087300000| Untracked 
| 116|0x0000000087400000, 0x0000000087400000, 0x0000000087500000|  0%| F|  |TAMS 0x0000000087400000, 0x0000000087400000| Untracked 
| 117|0x0000000087500000, 0x0000000087500000, 0x0000000087600000|  0%| F|  |TAMS 0x0000000087500000, 0x0000000087500000| Untracked 
| 118|0x0000000087600000, 0x0000000087600000, 0x0000000087700000|  0%| F|  |TAMS 0x0000000087600000, 0x0000000087600000| Untracked 
| 119|0x0000000087700000, 0x0000000087700000, 0x0000000087800000|  0%| F|  |TAMS 0x0000000087700000, 0x0000000087700000| Untracked 
| 120|0x0000000087800000, 0x0000000087800000, 0x0000000087900000|  0%| F|  |TAMS 0x0000000087800000, 0x0000000087800000| Untracked 
| 121|0x0000000087900000, 0x0000000087900000, 0x0000000087a00000|  0%| F|  |TAMS 0x0000000087900000, 0x0000000087900000| Untracked 
| 122|0x0000000087a00000, 0x0000000087a00000, 0x0000000087b00000|  0%| F|  |TAMS 0x0000000087a00000, 0x0000000087a00000| Untracked 
| 123|0x0000000087b00000, 0x0000000087b00000, 0x0000000087c00000|  0%| F|  |TAMS 0x0000000087b00000, 0x0000000087b00000| Untracked 
| 124|0x0000000087c00000, 0x0000000087c00000, 0x0000000087d00000|  0%| F|  |TAMS 0x0000000087c00000, 0x0000000087c00000| Untracked 
| 125|0x0000000087d00000, 0x0000000087d00000, 0x0000000087e00000|  0%| F|  |TAMS 0x0000000087d00000, 0x0000000087d00000| Untracked 
| 126|0x0000000087e00000, 0x0000000087e00000, 0x0000000087f00000|  0%| F|  |TAMS 0x0000000087e00000, 0x0000000087e00000| Untracked 
| 127|0x0000000087f00000, 0x0000000087f00000, 0x0000000088000000|  0%| F|  |TAMS 0x0000000087f00000, 0x0000000087f00000| Untracked 
| 128|0x0000000088000000, 0x0000000088000000, 0x0000000088100000|  0%| F|  |TAMS 0x0000000088000000, 0x0000000088000000| Untracked 
| 129|0x0000000088100000, 0x0000000088100000, 0x0000000088200000|  0%| F|  |TAMS 0x0000000088100000, 0x0000000088100000| Untracked 
| 130|0x0000000088200000, 0x0000000088200000, 0x0000000088300000|  0%| F|  |TAMS 0x0000000088200000, 0x0000000088200000| Untracked 
| 131|0x0000000088300000, 0x0000000088300000, 0x0000000088400000|  0%| F|  |TAMS 0x0000000088300000, 0x0000000088300000| Untracked 
| 132|0x0000000088400000, 0x0000000088400000, 0x0000000088500000|  0%| F|  |TAMS 0x0000000088400000, 0x0000000088400000| Untracked 
| 133|0x0000000088500000, 0x0000000088600000, 0x0000000088600000|100%| S|CS|TAMS 0x0000000088500000, 0x0000000088500000| Complete 
| 134|0x0000000088600000, 0x0000000088700000, 0x0000000088700000|100%| S|CS|TAMS 0x0000000088600000, 0x0000000088600000| Complete 
| 135|0x0000000088700000, 0x0000000088800000, 0x0000000088800000|100%| S|CS|TAMS 0x0000000088700000, 0x0000000088700000| Complete 
| 136|0x0000000088800000, 0x0000000088800000, 0x0000000088900000|  0%| F|  |TAMS 0x0000000088800000, 0x0000000088800000| Untracked 
| 137|0x0000000088900000, 0x0000000088900000, 0x0000000088a00000|  0%| F|  |TAMS 0x0000000088900000, 0x0000000088900000| Untracked 
| 138|0x0000000088a00000, 0x0000000088a00000, 0x0000000088b00000|  0%| F|  |TAMS 0x0000000088a00000, 0x0000000088a00000| Untracked 
| 139|0x0000000088b00000, 0x0000000088b00000, 0x0000000088c00000|  0%| F|  |TAMS 0x0000000088b00000, 0x0000000088b00000| Untracked 
| 140|0x0000000088c00000, 0x0000000088c00000, 0x0000000088d00000|  0%| F|  |TAMS 0x0000000088c00000, 0x0000000088c00000| Untracked 
| 141|0x0000000088d00000, 0x0000000088d00000, 0x0000000088e00000|  0%| F|  |TAMS 0x0000000088d00000, 0x0000000088d00000| Untracked 
| 142|0x0000000088e00000, 0x0000000088e00000, 0x0000000088f00000|  0%| F|  |TAMS 0x0000000088e00000, 0x0000000088e00000| Untracked 
| 143|0x0000000088f00000, 0x0000000088f00000, 0x0000000089000000|  0%| F|  |TAMS 0x0000000088f00000, 0x0000000088f00000| Untracked 
| 144|0x0000000089000000, 0x0000000089000000, 0x0000000089100000|  0%| F|  |TAMS 0x0000000089000000, 0x0000000089000000| Untracked 
| 145|0x0000000089100000, 0x0000000089100000, 0x0000000089200000|  0%| F|  |TAMS 0x0000000089100000, 0x0000000089100000| Untracked 
| 146|0x0000000089200000, 0x0000000089200000, 0x0000000089300000|  0%| F|  |TAMS 0x0000000089200000, 0x0000000089200000| Untracked 
| 147|0x0000000089300000, 0x0000000089300000, 0x0000000089400000|  0%| F|  |TAMS 0x0000000089300000, 0x0000000089300000| Untracked 
| 148|0x0000000089400000, 0x0000000089400000, 0x0000000089500000|  0%| F|  |TAMS 0x0000000089400000, 0x0000000089400000| Untracked 
| 149|0x0000000089500000, 0x0000000089500000, 0x0000000089600000|  0%| F|  |TAMS 0x0000000089500000, 0x0000000089500000| Untracked 
| 150|0x0000000089600000, 0x0000000089600000, 0x0000000089700000|  0%| F|  |TAMS 0x0000000089600000, 0x0000000089600000| Untracked 
| 151|0x0000000089700000, 0x0000000089700000, 0x0000000089800000|  0%| F|  |TAMS 0x0000000089700000, 0x0000000089700000| Untracked 
| 152|0x0000000089800000, 0x0000000089800000, 0x0000000089900000|  0%| F|  |TAMS 0x0000000089800000, 0x0000000089800000| Untracked 
| 153|0x0000000089900000, 0x0000000089900000, 0x0000000089a00000|  0%| F|  |TAMS 0x0000000089900000, 0x0000000089900000| Untracked 
| 154|0x0000000089a00000, 0x0000000089a00000, 0x0000000089b00000|  0%| F|  |TAMS 0x0000000089a00000, 0x0000000089a00000| Untracked 
| 155|0x0000000089b00000, 0x0000000089b00000, 0x0000000089c00000|  0%| F|  |TAMS 0x0000000089b00000, 0x0000000089b00000| Untracked 
| 156|0x0000000089c00000, 0x0000000089c00000, 0x0000000089d00000|  0%| F|  |TAMS 0x0000000089c00000, 0x0000000089c00000| Untracked 
| 157|0x0000000089d00000, 0x0000000089d00000, 0x0000000089e00000|  0%| F|  |TAMS 0x0000000089d00000, 0x0000000089d00000| Untracked 
| 158|0x0000000089e00000, 0x0000000089e00000, 0x0000000089f00000|  0%| F|  |TAMS 0x0000000089e00000, 0x0000000089e00000| Untracked 
| 159|0x0000000089f00000, 0x0000000089f00000, 0x000000008a000000|  0%| F|  |TAMS 0x0000000089f00000, 0x0000000089f00000| Untracked 
| 160|0x000000008a000000, 0x000000008a000000, 0x000000008a100000|  0%| F|  |TAMS 0x000000008a000000, 0x000000008a000000| Untracked 
| 161|0x000000008a100000, 0x000000008a100000, 0x000000008a200000|  0%| F|  |TAMS 0x000000008a100000, 0x000000008a100000| Untracked 
| 162|0x000000008a200000, 0x000000008a200000, 0x000000008a300000|  0%| F|  |TAMS 0x000000008a200000, 0x000000008a200000| Untracked 
| 163|0x000000008a300000, 0x000000008a300000, 0x000000008a400000|  0%| F|  |TAMS 0x000000008a300000, 0x000000008a300000| Untracked 
| 164|0x000000008a400000, 0x000000008a400000, 0x000000008a500000|  0%| F|  |TAMS 0x000000008a400000, 0x000000008a400000| Untracked 
| 165|0x000000008a500000, 0x000000008a500000, 0x000000008a600000|  0%| F|  |TAMS 0x000000008a500000, 0x000000008a500000| Untracked 
| 166|0x000000008a600000, 0x000000008a600000, 0x000000008a700000|  0%| F|  |TAMS 0x000000008a600000, 0x000000008a600000| Untracked 
| 167|0x000000008a700000, 0x000000008a700000, 0x000000008a800000|  0%| F|  |TAMS 0x000000008a700000, 0x000000008a700000| Untracked 
| 168|0x000000008a800000, 0x000000008a800000, 0x000000008a900000|  0%| F|  |TAMS 0x000000008a800000, 0x000000008a800000| Untracked 
| 169|0x000000008a900000, 0x000000008a900000, 0x000000008aa00000|  0%| F|  |TAMS 0x000000008a900000, 0x000000008a900000| Untracked 
| 170|0x000000008aa00000, 0x000000008aa00000, 0x000000008ab00000|  0%| F|  |TAMS 0x000000008aa00000, 0x000000008aa00000| Untracked 
| 171|0x000000008ab00000, 0x000000008ab00000, 0x000000008ac00000|  0%| F|  |TAMS 0x000000008ab00000, 0x000000008ab00000| Untracked 
| 172|0x000000008ac00000, 0x000000008ac00000, 0x000000008ad00000|  0%| F|  |TAMS 0x000000008ac00000, 0x000000008ac00000| Untracked 
| 173|0x000000008ad00000, 0x000000008ad00000, 0x000000008ae00000|  0%| F|  |TAMS 0x000000008ad00000, 0x000000008ad00000| Untracked 
| 174|0x000000008ae00000, 0x000000008ae00000, 0x000000008af00000|  0%| F|  |TAMS 0x000000008ae00000, 0x000000008ae00000| Untracked 
| 175|0x000000008af00000, 0x000000008af00000, 0x000000008b000000|  0%| F|  |TAMS 0x000000008af00000, 0x000000008af00000| Untracked 
| 176|0x000000008b000000, 0x000000008b000000, 0x000000008b100000|  0%| F|  |TAMS 0x000000008b000000, 0x000000008b000000| Untracked 
| 177|0x000000008b100000, 0x000000008b100000, 0x000000008b200000|  0%| F|  |TAMS 0x000000008b100000, 0x000000008b100000| Untracked 
| 178|0x000000008b200000, 0x000000008b200000, 0x000000008b300000|  0%| F|  |TAMS 0x000000008b200000, 0x000000008b200000| Untracked 
| 179|0x000000008b300000, 0x000000008b300000, 0x000000008b400000|  0%| F|  |TAMS 0x000000008b300000, 0x000000008b300000| Untracked 
| 180|0x000000008b400000, 0x000000008b400000, 0x000000008b500000|  0%| F|  |TAMS 0x000000008b400000, 0x000000008b400000| Untracked 
| 181|0x000000008b500000, 0x000000008b500000, 0x000000008b600000|  0%| F|  |TAMS 0x000000008b500000, 0x000000008b500000| Untracked 
| 182|0x000000008b600000, 0x000000008b600000, 0x000000008b700000|  0%| F|  |TAMS 0x000000008b600000, 0x000000008b600000| Untracked 
| 183|0x000000008b700000, 0x000000008b700000, 0x000000008b800000|  0%| F|  |TAMS 0x000000008b700000, 0x000000008b700000| Untracked 
| 184|0x000000008b800000, 0x000000008b800000, 0x000000008b900000|  0%| F|  |TAMS 0x000000008b800000, 0x000000008b800000| Untracked 
| 185|0x000000008b900000, 0x000000008b900000, 0x000000008ba00000|  0%| F|  |TAMS 0x000000008b900000, 0x000000008b900000| Untracked 
| 186|0x000000008ba00000, 0x000000008ba00000, 0x000000008bb00000|  0%| F|  |TAMS 0x000000008ba00000, 0x000000008ba00000| Untracked 
| 187|0x000000008bb00000, 0x000000008bb00000, 0x000000008bc00000|  0%| F|  |TAMS 0x000000008bb00000, 0x000000008bb00000| Untracked 

Card table byte_map: [0x0000020ee7180000,0x0000020ee7580000] _byte_map_base: 0x0000020ee6d80000

Marking Bits (Prev, Next): (CMBitMap*) 0x0000020ed244db90, (CMBitMap*) 0x0000020ed244db58
 Prev Bits: [0x0000020ee9980000, 0x0000020eeb980000)
 Next Bits: [0x0000020ee7980000, 0x0000020ee9980000)

Polling page: 0x0000020ed22d0000

Metaspace:

Usage:
  Non-class:     21.74 MB capacity,    21.42 MB ( 99%) used,   276.64 KB (  1%) free+waste,    43.94 KB ( <1%) overhead. 
      Class:      3.37 MB capacity,     3.15 MB ( 94%) used,   200.80 KB (  6%) free+waste,    21.81 KB ( <1%) overhead. 
       Both:     25.11 MB capacity,    24.58 MB ( 98%) used,   477.44 KB (  2%) free+waste,    65.75 KB ( <1%) overhead. 

Virtual space:
  Non-class space:       30.00 MB reserved,      21.75 MB ( 73%) committed 
      Class space:        1.00 GB reserved,       3.38 MB ( <1%) committed 
             Both:        1.03 GB reserved,      25.13 MB (  2%) committed 

Chunk freelists:
   Non-Class:  14.00 KB
       Class:  6.00 KB
        Both:  20.00 KB

MaxMetaspaceSize: 17179869184.00 GB
CompressedClassSpaceSize: 1.00 GB
Initial GC threshold: 20.80 MB
Current GC threshold: 35.53 MB
CDS: off

CodeHeap 'non-profiled nmethods': size=120064Kb used=1161Kb max_used=1161Kb free=118902Kb
 bounds [0x0000020edf220000, 0x0000020edf490000, 0x0000020ee6760000]
CodeHeap 'profiled nmethods': size=120000Kb used=4791Kb max_used=4791Kb free=115208Kb
 bounds [0x0000020ed7cf0000, 0x0000020ed81a0000, 0x0000020edf220000]
CodeHeap 'non-nmethods': size=5696Kb used=1231Kb max_used=1256Kb free=4464Kb
 bounds [0x0000020ed7760000, 0x0000020ed79d0000, 0x0000020ed7cf0000]
 total_blobs=2712 nmethods=2215 adapters=409
 compilation: enabled
              stopped_count=0, restarted_count=0
 full_count=0

Compilation events (20 events):
Event: 3.697 Thread 0x0000020eee84d800 nmethod 2065 0x0000020ed814af10 code [0x0000020ed814b120, 0x0000020ed814b588]
Event: 3.698 Thread 0x0000020eee84d800 2066       3       sun.invoke.util.VerifyAccess::isMemberAccessible (313 bytes)
Event: 3.700 Thread 0x0000020eee84d800 nmethod 2066 0x0000020ed814b710 code [0x0000020ed814bbe0, 0x0000020ed814dd88]
Event: 3.703 Thread 0x0000020eee84d800 2067       3       java.lang.WeakPairMap$Pair$Weak::first (5 bytes)
Event: 3.704 Thread 0x0000020eee84d800 nmethod 2067 0x0000020ed814e810 code [0x0000020ed814e9c0, 0x0000020ed814eb78]
Event: 3.704 Thread 0x0000020eee84d800 2068       3       java.lang.WeakPairMap$Pair$Weak::second (8 bytes)
Event: 3.704 Thread 0x0000020eee84d800 nmethod 2068 0x0000020ed814ec10 code [0x0000020ed814edc0, 0x0000020ed814ef78]
Event: 3.704 Thread 0x0000020eee84d800 2069       3       java.lang.reflect.ProxyGenerator$ExceptionTableEntry::<init> (26 bytes)
Event: 3.704 Thread 0x0000020eee84d800 nmethod 2069 0x0000020ed814f010 code [0x0000020ed814f1c0, 0x0000020ed814f338]
Event: 3.705 Thread 0x0000020eee84d800 2070       3       java.lang.reflect.Method::getRoot (5 bytes)
Event: 3.705 Thread 0x0000020eee84d800 nmethod 2070 0x0000020ed814f410 code [0x0000020ed814f5c0, 0x0000020ed814f6d8]
Event: 3.706 Thread 0x0000020eee84d800 2072       3       sun.reflect.annotation.AnnotationInvocationHandler::invoke (178 bytes)
Event: 3.707 Thread 0x0000020eee84d800 nmethod 2072 0x0000020ed814f790 code [0x0000020ed814faa0, 0x0000020ed8150b08]
Event: 3.708 Thread 0x0000020eeeb6e800 nmethod 2016 0x0000020edf32eb10 code [0x0000020edf32ed20, 0x0000020edf330290]
Event: 3.708 Thread 0x0000020eee84d800 2073       1       java.lang.reflect.Method::getAnnotationBytes (5 bytes)
Event: 3.708 Thread 0x0000020eeeb6e800 2057       4       jdk.internal.reflect.ByteVectorImpl::add (38 bytes)
Event: 3.708 Thread 0x0000020eee84d800 nmethod 2073 0x0000020edf330910 code [0x0000020edf330ac0, 0x0000020edf330b78]
Event: 3.708 Thread 0x0000020eee84d800 2074       3       java.lang.reflect.Executable::getAnnotation (23 bytes)
Event: 3.708 Thread 0x0000020eee84d800 nmethod 2074 0x0000020ed8151090 code [0x0000020ed81512c0, 0x0000020ed8151928]
Event: 3.708 Thread 0x0000020eee84d800 2075       3       java.lang.reflect.Method::getAnnotation (6 bytes)

GC Heap History (10 events):
Event: 0.432 GC heap before
{Heap before GC invocations=0 (full 0):
 garbage-first heap   total 192512K, used 16384K [0x0000000080000000, 0x0000000100000000)
  region size 1024K, 14 young (14336K), 0 survivors (0K)
 Metaspace       used 6741K, capacity 6933K, committed 7168K, reserved 1056768K
  class space    used 572K, capacity 650K, committed 768K, reserved 1048576K
}
Event: 0.435 GC heap after
{Heap after GC invocations=1 (full 0):
 garbage-first heap   total 192512K, used 4536K [0x0000000080000000, 0x0000000100000000)
  region size 1024K, 2 young (2048K), 2 survivors (2048K)
 Metaspace       used 6741K, capacity 6933K, committed 7168K, reserved 1056768K
  class space    used 572K, capacity 650K, committed 768K, reserved 1048576K
}
Event: 0.860 GC heap before
{Heap before GC invocations=1 (full 0):
 garbage-first heap   total 192512K, used 19896K [0x0000000080000000, 0x0000000100000000)
  region size 1024K, 14 young (14336K), 2 survivors (2048K)
 Metaspace       used 9869K, capacity 10126K, committed 10368K, reserved 1058816K
  class space    used 1011K, capacity 1102K, committed 1152K, reserved 1048576K
}
Event: 0.864 GC heap after
{Heap after GC invocations=2 (full 0):
 garbage-first heap   total 192512K, used 9340K [0x0000000080000000, 0x0000000100000000)
  region size 1024K, 2 young (2048K), 2 survivors (2048K)
 Metaspace       used 9869K, capacity 10126K, committed 10368K, reserved 1058816K
  class space    used 1011K, capacity 1102K, committed 1152K, reserved 1048576K
}
Event: 1.206 GC heap before
{Heap before GC invocations=2 (full 0):
 garbage-first heap   total 192512K, used 40060K [0x0000000080000000, 0x0000000100000000)
  region size 1024K, 31 young (31744K), 2 survivors (2048K)
 Metaspace       used 10854K, capacity 11081K, committed 11264K, reserved 1058816K
  class space    used 1112K, capacity 1207K, committed 1280K, reserved 1048576K
}
Event: 1.209 GC heap after
{Heap after GC invocations=3 (full 0):
 garbage-first heap   total 192512K, used 12512K [0x0000000080000000, 0x0000000100000000)
  region size 1024K, 4 young (4096K), 4 survivors (4096K)
 Metaspace       used 10854K, capacity 11081K, committed 11264K, reserved 1058816K
  class space    used 1112K, capacity 1207K, committed 1280K, reserved 1048576K
}
Event: 2.496 GC heap before
{Heap before GC invocations=3 (full 0):
 garbage-first heap   total 192512K, used 54496K [0x0000000080000000, 0x0000000100000000)
  region size 1024K, 46 young (47104K), 4 survivors (4096K)
 Metaspace       used 17649K, capacity 18011K, committed 18176K, reserved 1064960K
  class space    used 2056K, capacity 2177K, committed 2304K, reserved 1048576K
}
Event: 2.501 GC heap after
{Heap after GC invocations=4 (full 0):
 garbage-first heap   total 192512K, used 16166K [0x0000000080000000, 0x0000000100000000)
  region size 1024K, 6 young (6144K), 6 survivors (6144K)
 Metaspace       used 17649K, capacity 18011K, committed 18176K, reserved 1064960K
  class space    used 2056K, capacity 2177K, committed 2304K, reserved 1048576K
}
Event: 2.771 GC heap before
{Heap before GC invocations=4 (full 0):
 garbage-first heap   total 192512K, used 44838K [0x0000000080000000, 0x0000000100000000)
  region size 1024K, 35 young (35840K), 6 survivors (6144K)
 Metaspace       used 20811K, capacity 21197K, committed 21296K, reserved 1069056K
  class space    used 2527K, capacity 2688K, committed 2688K, reserved 1048576K
}
Event: 2.781 GC heap after
{Heap after GC invocations=5 (full 0):
 garbage-first heap   total 192512K, used 17335K [0x0000000080000000, 0x0000000100000000)
  region size 1024K, 8 young (8192K), 8 survivors (8192K)
 Metaspace       used 20811K, capacity 21197K, committed 21296K, reserved 1069056K
  class space    used 2527K, capacity 2688K, committed 2688K, reserved 1048576K
}

Deoptimization events (20 events):
Event: 2.743 Thread 0x0000020ef07dd800 Uncommon trap: trap_request=0xffffffc6 fr.pc=0x0000020edf29cca4 relative=0x0000000000000084
Event: 2.743 Thread 0x0000020ef07dd800 Uncommon trap: reason=bimorphic_or_optimized_type_check action=maybe_recompile pc=0x0000020edf29cca4 method=java.util.AbstractList$Itr.hasNext()Z @ 8 c2
Event: 2.743 Thread 0x0000020ef07dd800 DEOPT PACKING pc=0x0000020edf29cca4 sp=0x000000e0224fac20
Event: 2.743 Thread 0x0000020ef07dd800 DEOPT UNPACKING pc=0x0000020ed77685af sp=0x000000e0224fabb8 mode 2
Event: 2.743 Thread 0x0000020ef07dd800 Uncommon trap: trap_request=0xffffffc6 fr.pc=0x0000020edf29d074 relative=0x0000000000000134
Event: 2.743 Thread 0x0000020ef07dd800 Uncommon trap: reason=bimorphic_or_optimized_type_check action=maybe_recompile pc=0x0000020edf29d074 method=java.util.AbstractList$Itr.next()Ljava/lang/Object; @ 14 c2
Event: 2.743 Thread 0x0000020ef07dd800 DEOPT PACKING pc=0x0000020edf29d074 sp=0x000000e0224fac10
Event: 2.743 Thread 0x0000020ef07dd800 DEOPT UNPACKING pc=0x0000020ed77685af sp=0x000000e0224faba8 mode 2
Event: 2.743 Thread 0x0000020ef07dd800 Uncommon trap: trap_request=0xffffff4d fr.pc=0x0000020edf290e34 relative=0x0000000000000474
Event: 2.743 Thread 0x0000020ef07dd800 Uncommon trap: reason=unstable_if action=reinterpret pc=0x0000020edf290e34 method=java.lang.String.substring(I)Ljava/lang/String; @ 34 c2
Event: 2.743 Thread 0x0000020ef07dd800 DEOPT PACKING pc=0x0000020edf290e34 sp=0x000000e0224fb580
Event: 2.743 Thread 0x0000020ef07dd800 DEOPT UNPACKING pc=0x0000020ed77685af sp=0x000000e0224fb558 mode 2
Event: 3.323 Thread 0x0000020ef07dd800 Uncommon trap: trap_request=0xffffff4d fr.pc=0x0000020edf30bb18 relative=0x0000000000000398
Event: 3.323 Thread 0x0000020ef07dd800 Uncommon trap: reason=unstable_if action=reinterpret pc=0x0000020edf30bb18 method=jdk.internal.org.objectweb.asm.Type.getArgumentsAndReturnSizes(Ljava/lang/String;)I @ 88 c2
Event: 3.323 Thread 0x0000020ef07dd800 DEOPT PACKING pc=0x0000020edf30bb18 sp=0x000000e0224f9b40
Event: 3.323 Thread 0x0000020ef07dd800 DEOPT UNPACKING pc=0x0000020ed77685af sp=0x000000e0224f9ac8 mode 2
Event: 3.703 Thread 0x0000020ef07dd800 Uncommon trap: trap_request=0xffffff4d fr.pc=0x0000020edf276170 relative=0x0000000000000230
Event: 3.703 Thread 0x0000020ef07dd800 Uncommon trap: reason=unstable_if action=reinterpret pc=0x0000020edf276170 method=java.util.concurrent.ConcurrentHashMap.get(Ljava/lang/Object;)Ljava/lang/Object; @ 76 c2
Event: 3.703 Thread 0x0000020ef07dd800 DEOPT PACKING pc=0x0000020edf276170 sp=0x000000e0224f8bf0
Event: 3.703 Thread 0x0000020ef07dd800 DEOPT UNPACKING pc=0x0000020ed77685af sp=0x000000e0224f8b58 mode 2

Classes redefined (0 events):
No events

Internal exceptions (20 events):
Event: 0.512 Thread 0x0000020ed240b800 Exception <a 'java/lang/NoSuchMethodError'{0x000000008b7bdda8}: 'java.lang.Object java.lang.invoke.Invokers$Holder.invoker(java.lang.Object, java.lang.Object, java.lang.Object)'> (0x000000008b7bdda8) thrown at [./src/hotspot/share/interpreter/linkResolver.cpp, line 773]
Event: 0.516 Thread 0x0000020ed240b800 Exception <a 'java/lang/NoSuchMethodError'{0x000000008b7cee20}: 'void java.lang.invoke.DelegatingMethodHandle$Holder.delegate(java.lang.Object, java.lang.Object, int, java.lang.Object)'> (0x000000008b7cee20) thrown at [./src/hotspot/share/interpreter/linkResolver.cpp, line 773]
Event: 1.240 Thread 0x0000020ed240b800 Exception <a 'java/security/PrivilegedActionException'{0x000000008b7d8e78}> (0x000000008b7d8e78) thrown at [./src/hotspot/share/prims/jvm.cpp, line 1306]
Event: 1.240 Thread 0x0000020ed240b800 Exception <a 'java/security/PrivilegedActionException'{0x000000008b7d93f0}> (0x000000008b7d93f0) thrown at [./src/hotspot/share/prims/jvm.cpp, line 1306]
Event: 1.650 Thread 0x0000020ed240b800 Exception <a 'java/lang/NoSuchMethodError'{0x000000008a5487b0}: 'java.lang.Object java.lang.invoke.DirectMethodHandle$Holder.invokeStaticInit(java.lang.Object, java.lang.Object, java.lang.Object)'> (0x000000008a5487b0) thrown at [./src/hotspot/share/interpreter/linkResolver.cpp, line 773]
Event: 2.025 Thread 0x0000020ed240b800 Exception <a 'java/lang/NoSuchMethodError'{0x0000000089fb75a0}: 'java.lang.Object java.lang.invoke.DirectMethodHandle$Holder.invokeStaticInit(java.lang.Object, int, int, int, int)'> (0x0000000089fb75a0) thrown at [./src/hotspot/share/interpreter/linkResolver.cpp, line 773]
Event: 2.109 Thread 0x0000020ed240b800 Exception <a 'java/lang/NoSuchMethodError'{0x0000000089e3e358}: 'java.lang.Object java.lang.invoke.DirectMethodHandle$Holder.invokeStaticInit(java.lang.Object, java.lang.Object, int, int, int, int)'> (0x0000000089e3e358) thrown at [./src/hotspot/share/interpreter/linkResolver.cpp, line 773]
Event: 2.299 Thread 0x0000020ed240b800 Exception <a 'java/io/IOException'{0x000000008982e1f8}> (0x000000008982e1f8) thrown at [./src/hotspot/share/prims/jni.cpp, line 616]
Event: 2.449 Thread 0x0000020ef07dd800 Exception <a 'java/lang/NoSuchMethodError'{0x00000000893ce0f8}: 'long java.lang.invoke.DirectMethodHandle$Holder.invokeInterface(java.lang.Object, java.lang.Object)'> (0x00000000893ce0f8) thrown at [./src/hotspot/share/interpreter/linkResolver.cpp, line 773]
Event: 2.451 Thread 0x0000020ef07dd800 Exception <a 'java/lang/NoSuchMethodError'{0x00000000893db3f0}: 'void java.lang.invoke.DelegatingMethodHandle$Holder.reinvoke_L(java.lang.Object, java.lang.Object, java.lang.Object, java.lang.Object, java.lang.Object, java.lang.Object, java.lang.Object)'> (0x00000000893db3f0) thrown at [./src/hotspot/share/interpreter/linkResolver.cpp, line 773]
Event: 2.683 Thread 0x0000020ef07dd800 Exception <a 'java/lang/NoSuchMethodError'{0x000000008a669550}: 'void java.lang.invoke.DirectMethodHandle$Holder.invokeStaticInit(java.lang.Object)'> (0x000000008a669550) thrown at [./src/hotspot/share/interpreter/linkResolver.cpp, line 773]
Event: 2.693 Thread 0x0000020ef07dd800 Exception <a 'java/lang/NoSuchMethodError'{0x000000008a515dd8}: 'java.lang.Object java.lang.invoke.DirectMethodHandle$Holder.invokeStatic(java.lang.Object, java.lang.Object, java.lang.Object, int)'> (0x000000008a515dd8) thrown at [./src/hotspot/share/interpreter/linkResolver.cpp, line 773]
Event: 2.694 Thread 0x0000020ef07dd800 Exception <a 'java/lang/NoSuchMethodError'{0x000000008a51a4f0}: 'java.lang.Object java.lang.invoke.DirectMethodHandle$Holder.invokeSpecial(java.lang.Object, java.lang.Object, java.lang.Object, java.lang.Object, int)'> (0x000000008a51a4f0) thrown at [./src/hotspot/share/interpreter/linkResolver.cpp, line 773]
Event: 2.694 Thread 0x0000020ef07dd800 Exception <a 'java/lang/NoSuchMethodError'{0x000000008a51e428}: 'java.lang.Object java.lang.invoke.Invokers$Holder.linkToTargetMethod(java.lang.Object, java.lang.Object, int, java.lang.Object)'> (0x000000008a51e428) thrown at [./src/hotspot/share/interpreter/linkResolver.cpp, line 773]
Event: 3.064 Thread 0x0000020ef07dd800 Exception <a 'java/lang/NoSuchMethodError'{0x000000008bbf94e8}: 'int java.lang.invoke.DirectMethodHandle$Holder.invokeSpecialIFC(java.lang.Object, java.lang.Object, java.lang.Object, java.lang.Object)'> (0x000000008bbf94e8) thrown at [./src/hotspot/share/interpreter/linkResolver.cpp, line 773]
Event: 3.069 Thread 0x0000020ef07dd800 Exception <a 'java/lang/NoSuchMethodError'{0x000000008ba5bec0}: 'java.lang.Object java.lang.invoke.DirectMethodHandle$Holder.invokeInterface(java.lang.Object, java.lang.Object, java.lang.Object)'> (0x000000008ba5bec0) thrown at [./src/hotspot/share/interpreter/linkResolver.cpp, line 773]
Event: 3.069 Thread 0x0000020ef07dd800 Exception <a 'java/lang/IncompatibleClassChangeError'{0x000000008ba5f398}: Found class java.lang.Object, but interface was expected> (0x000000008ba5f398) thrown at [./src/hotspot/share/interpreter/linkResolver.cpp, line 839]
Event: 3.426 Thread 0x0000020ef07dd800 Exception <a 'java/lang/NoSuchMethodError'{0x000000008b3e3bb8}: 'void java.lang.invoke.DirectMethodHandle$Holder.invokeSpecial(java.lang.Object, java.lang.Object, java.lang.Object, java.lang.Object, java.lang.Object)'> (0x000000008b3e3bb8) thrown at [./src/hotspot/share/interpreter/linkResolver.cpp, line 773]
Event: 3.540 Thread 0x0000020ef07dd800 Exception <a 'java/lang/NoSuchMethodError'{0x000000008b0074c8}: 'java.lang.Object java.lang.invoke.DirectMethodHandle$Holder.invokeSpecial(java.lang.Object, java.lang.Object, java.lang.Object, java.lang.Object, java.lang.Object, java.lang.Object, java.lang.Object, java.lang.Object, java.lang.Object)'> (0x000000008b0074c8) thrown at [./src/hotspot/share/interpreter/linkResolver.cpp, line 773]
Event: 3.610 Thread 0x0000020ef07dd800 Exception <a 'java/lang/NoSuchMethodError'{0x000000008a7de8e8}: 'java.lang.Object java.lang.invoke.DirectMethodHandle$Holder.invokeVirtual(java.lang.Object, java.lang.Object, java.lang.Object, java.lang.Object)'> (0x000000008a7de8e8) thrown at [./src/hotspot/share/interpreter/linkResolver.cpp, line 773]

Events (20 events):
Event: 3.687 loading class sun/reflect/generics/tree/Wildcard done
Event: 3.687 loading class sun/reflect/generics/reflectiveObjects/WildcardTypeImpl
Event: 3.687 loading class sun/reflect/generics/reflectiveObjects/WildcardTypeImpl done
Event: 3.688 loading class java/lang/annotation/ElementType
Event: 3.688 loading class java/lang/annotation/ElementType done
Event: 3.689 loading class org/gradle/internal/extensibility/NoConventionMapping
Event: 3.689 loading class org/gradle/internal/extensibility/NoConventionMapping done
Event: 3.690 loading class org/gradle/api/internal/DynamicObjectAware
Event: 3.690 loading class org/gradle/api/internal/DynamicObjectAware done
Event: 3.691 loading class java/lang/Deprecated
Event: 3.691 loading class java/lang/Deprecated done
Event: 3.692 Thread 0x0000020eeeb6e800 Thread added: 0x0000020eeeb6e800
Event: 3.693 loading class jdk/internal/HotSpotIntrinsicCandidate
Event: 3.694 loading class jdk/internal/HotSpotIntrinsicCandidate done
Event: 3.697 loading class java/lang/module/ModuleDescriptor$Builder
Event: 3.697 loading class java/lang/module/ModuleDescriptor$Builder done
Event: 3.697 loading class jdk/internal/module/Checks
Event: 3.697 loading class jdk/internal/module/Checks done
Event: 3.705 loading class javax/annotation/Nullable
Event: 3.705 loading class javax/annotation/Nullable done


Dynamic libraries:
0x00007ff76fae0000 - 0x00007ff76faea000 	C:\Program Files\Android\Android Studio\jre\bin\java.exe
0x00007ff8c6b40000 - 0x00007ff8c6d47000 	C:\Windows\SYSTEM32\ntdll.dll
0x00007ff8c57b0000 - 0x00007ff8c586d000 	C:\Windows\System32\KERNEL32.DLL
0x00007ff8c4020000 - 0x00007ff8c4394000 	C:\Windows\System32\KERNELBASE.dll
0x00007ff8c4720000 - 0x00007ff8c4831000 	C:\Windows\System32\ucrtbase.dll
0x00007ff8b1fc0000 - 0x00007ff8b1fd9000 	C:\Program Files\Android\Android Studio\jre\bin\jli.dll
0x00007ff8c4cd0000 - 0x00007ff8c4e7c000 	C:\Windows\System32\USER32.dll
0x00007ff8c4420000 - 0x00007ff8c4446000 	C:\Windows\System32\win32u.dll
0x00007ff8c6030000 - 0x00007ff8c6059000 	C:\Windows\System32\GDI32.dll
0x00007ff8c48b0000 - 0x00007ff8c49c2000 	C:\Windows\System32\gdi32full.dll
0x00007ff8c4450000 - 0x00007ff8c44ed000 	C:\Windows\System32\msvcp_win.dll
0x00007ff8bfc60000 - 0x00007ff8bfc77000 	C:\Program Files\Android\Android Studio\jre\bin\VCRUNTIME140.dll
0x00007ff8b1ac0000 - 0x00007ff8b1d65000 	C:\Windows\WinSxS\amd64_microsoft.windows.common-controls_6595b64144ccf1df_6.0.22000.120_none_9d947278b86cc467\COMCTL32.dll
0x00007ff8c5700000 - 0x00007ff8c57a3000 	C:\Windows\System32\msvcrt.dll
0x00007ff8c4ad0000 - 0x00007ff8c4b01000 	C:\Windows\System32\IMM32.DLL
0x00007ff8b3120000 - 0x00007ff8b31bd000 	C:\Program Files\Android\Android Studio\jre\bin\msvcp140.dll
0x00007ff864440000 - 0x00007ff864f42000 	C:\Program Files\Android\Android Studio\jre\bin\server\jvm.dll
0x00007ff8c5280000 - 0x00007ff8c532c000 	C:\Windows\System32\ADVAPI32.dll
0x00007ff8c6140000 - 0x00007ff8c61dd000 	C:\Windows\System32\sechost.dll
0x00007ff8c5960000 - 0x00007ff8c5a81000 	C:\Windows\System32\RPCRT4.dll
0x00007ff8c5b00000 - 0x00007ff8c5b08000 	C:\Windows\System32\PSAPI.DLL
0x00007ff8c0a50000 - 0x00007ff8c0a59000 	C:\Windows\SYSTEM32\WSOCK32.dll
0x00007ff8c5a90000 - 0x00007ff8c5aff000 	C:\Windows\System32\WS2_32.dll
0x00007ff8bf740000 - 0x00007ff8bf773000 	C:\Windows\SYSTEM32\WINMM.dll
0x00007ff8b8260000 - 0x00007ff8b826a000 	C:\Windows\SYSTEM32\VERSION.dll
0x00007ff8c3150000 - 0x00007ff8c3168000 	C:\Windows\SYSTEM32\kernel.appcore.dll
0x00007ff8bf310000 - 0x00007ff8bf321000 	C:\Program Files\Android\Android Studio\jre\bin\verify.dll
0x00007ff8b88c0000 - 0x00007ff8b8ae1000 	C:\Windows\SYSTEM32\DBGHELP.DLL
0x00007ff8b79c0000 - 0x00007ff8b79f1000 	C:\Windows\SYSTEM32\dbgcore.DLL
0x00007ff8c43a0000 - 0x00007ff8c4420000 	C:\Windows\System32\bcryptPrimitives.dll
0x00007ff8b5b70000 - 0x00007ff8b5b99000 	C:\Program Files\Android\Android Studio\jre\bin\java.dll
0x00007ff8c0980000 - 0x00007ff8c098b000 	C:\Program Files\Android\Android Studio\jre\bin\jimage.dll
0x00007ff8bf2f0000 - 0x00007ff8bf308000 	C:\Program Files\Android\Android Studio\jre\bin\zip.dll
0x00007ff8c62f0000 - 0x00007ff8c6a99000 	C:\Windows\System32\SHELL32.dll
0x00007ff8c21d0000 - 0x00007ff8c2a32000 	C:\Windows\SYSTEM32\windows.storage.dll
0x00007ff8c4ee0000 - 0x00007ff8c5258000 	C:\Windows\System32\combase.dll
0x00007ff8c2060000 - 0x00007ff8c21c6000 	C:\Windows\SYSTEM32\wintypes.dll
0x00007ff8c5870000 - 0x00007ff8c595a000 	C:\Windows\System32\SHCORE.dll
0x00007ff8c4e80000 - 0x00007ff8c4edd000 	C:\Windows\System32\shlwapi.dll
0x00007ff8c3f50000 - 0x00007ff8c3f71000 	C:\Windows\SYSTEM32\profapi.dll
0x00007ff8b6930000 - 0x00007ff8b694a000 	C:\Program Files\Android\Android Studio\jre\bin\net.dll
0x00007ff8becd0000 - 0x00007ff8beddc000 	C:\Windows\SYSTEM32\WINHTTP.dll
0x00007ff8c3560000 - 0x00007ff8c35c7000 	C:\Windows\system32\mswsock.dll
0x00007ff8b5af0000 - 0x00007ff8b5b04000 	C:\Program Files\Android\Android Studio\jre\bin\nio.dll
0x00007ff8b31c0000 - 0x00007ff8b31e7000 	C:\Users\mubar\.gradle\native\e1d6ef7f7dcc3fd88c89a11ec53ec762bb8ba0a96d01ffa2cd45eb1d1d8dd5c5\windows-amd64\native-platform.dll
0x00007ff89a790000 - 0x00007ff89a8d4000 	C:\Users\mubar\.gradle\native\0d407fdbe67a94daf76414ababcb853783967236a71b16ec16e742cd7a986fd3\windows-amd64\native-platform-file-events.dll
0x00007ff8c0800000 - 0x00007ff8c080a000 	C:\Program Files\Android\Android Studio\jre\bin\management.dll
0x00007ff8bfc50000 - 0x00007ff8bfc5d000 	C:\Program Files\Android\Android Studio\jre\bin\management_ext.dll
0x00007ff8c37a0000 - 0x00007ff8c37b8000 	C:\Windows\SYSTEM32\CRYPTSP.dll
0x00007ff8c30b0000 - 0x00007ff8c30e5000 	C:\Windows\system32\rsaenh.dll
0x00007ff8c3650000 - 0x00007ff8c3679000 	C:\Windows\SYSTEM32\USERENV.dll
0x00007ff8c3920000 - 0x00007ff8c3947000 	C:\Windows\SYSTEM32\bcrypt.dll
0x00007ff8c37c0000 - 0x00007ff8c37cc000 	C:\Windows\SYSTEM32\CRYPTBASE.dll
0x00007ff8c2c90000 - 0x00007ff8c2cbd000 	C:\Windows\SYSTEM32\IPHLPAPI.DLL
0x00007ff8c4a40000 - 0x00007ff8c4a49000 	C:\Windows\System32\NSI.dll
0x00007ff8becb0000 - 0x00007ff8becc9000 	C:\Windows\SYSTEM32\dhcpcsvc6.DLL
0x00007ff8bf2a0000 - 0x00007ff8bf2be000 	C:\Windows\SYSTEM32\dhcpcsvc.DLL
0x00007ff8c2cc0000 - 0x00007ff8c2da7000 	C:\Windows\SYSTEM32\DNSAPI.dll

dbghelp: loaded successfully - version: 4.0.5 - missing functions: none
symbol engine: initialized successfully - sym options: 0x614 - pdb path: .;C:\Program Files\Android\Android Studio\jre\bin;C:\Windows\SYSTEM32;C:\Windows\WinSxS\amd64_microsoft.windows.common-controls_6595b64144ccf1df_6.0.22000.120_none_9d947278b86cc467;C:\Program Files\Android\Android Studio\jre\bin\server;C:\Users\mubar\.gradle\native\e1d6ef7f7dcc3fd88c89a11ec53ec762bb8ba0a96d01ffa2cd45eb1d1d8dd5c5\windows-amd64;C:\Users\mubar\.gradle\native\0d407fdbe67a94daf76414ababcb853783967236a71b16ec16e742cd7a986fd3\windows-amd64

VM Arguments:
jvm_args: --add-opens=java.base/java.util=ALL-UNNAMED --add-opens=java.base/java.lang=ALL-UNNAMED --add-opens=java.base/java.lang.invoke=ALL-UNNAMED --add-opens=java.base/java.util=ALL-UNNAMED --add-opens=java.prefs/java.util.prefs=ALL-UNNAMED --add-opens=java.prefs/java.util.prefs=ALL-UNNAMED --add-opens=java.base/java.nio.charset=ALL-UNNAMED --add-opens=java.base/java.net=ALL-UNNAMED --add-opens=java.base/java.util.concurrent.atomic=ALL-UNNAMED -Xmx2048m -Dfile.encoding=UTF-8 -Duser.country=US -Duser.language=en -Duser.variant 
java_command: org.gradle.launcher.daemon.bootstrap.GradleDaemon 7.4
java_class_path (initial): C:\Users\mubar\.gradle\wrapper\dists\gradle-7.4-bin\c0gwcg53nkjbqw7r0h0umtfvt\gradle-7.4\lib\gradle-launcher-7.4.jar
Launcher Type: SUN_STANDARD

[Global flags]
     intx CICompilerCount                          = 3                                         {product} {ergonomic}
     uint ConcGCThreads                            = 1                                         {product} {ergonomic}
     uint G1ConcRefinementThreads                  = 4                                         {product} {ergonomic}
   size_t G1HeapRegionSize                         = 1048576                                   {product} {ergonomic}
    uintx GCDrainStackTargetSize                   = 64                                        {product} {ergonomic}
   size_t InitialHeapSize                          = 197132288                                 {product} {ergonomic}
   size_t MarkStackSize                            = 4194304                                   {product} {ergonomic}
   size_t MaxHeapSize                              = 2147483648                                {product} {command line}
   size_t MaxNewSize                               = 1287651328                                {product} {ergonomic}
   size_t MinHeapDeltaBytes                        = 1048576                                   {product} {ergonomic}
    uintx NonNMethodCodeHeapSize                   = 5830732                                {pd product} {ergonomic}
    uintx NonProfiledCodeHeapSize                  = 122913754                              {pd product} {ergonomic}
    uintx ProfiledCodeHeapSize                     = 122913754                              {pd product} {ergonomic}
    uintx ReservedCodeCacheSize                    = 251658240                              {pd product} {ergonomic}
     bool SegmentedCodeCache                       = true                                      {product} {ergonomic}
     bool UseCompressedClassPointers               = true                                 {lp64_product} {ergonomic}
     bool UseCompressedOops                        = true                                 {lp64_product} {ergonomic}
     bool UseG1GC                                  = true                                      {product} {ergonomic}
     bool UseLargePagesIndividualAllocation        = false                                  {pd product} {ergonomic}

Logging:
Log output configuration:
 #0: stdout all=warning uptime,level,tags
 #1: stderr all=off uptime,level,tags

Environment Variables:
JAVA_HOME=C:\Program Files\Java\jdk-18.0.1.1\bin
PATH=C:\Program Files\Common Files\Oracle\Java\javapath;C:\Windows\system32;C:\Windows;C:\Windows\System32\Wbem;C:\Windows\System32\WindowsPowerShell\v1.0\;C:\Windows\System32\OpenSSH\;C:\Program Files\Git\cmd;C:\Users\mubar\AppData\Local\Microsoft\WindowsApps;D:\flutter_windows_3.0.5-stable\flutter\bin;C:\Users\mubar\AppData\Local\GitHubDesktop\bin
USERNAME=mubar
OS=Windows_NT
PROCESSOR_IDENTIFIER=Intel64 Family 6 Model 126 Stepping 5, GenuineIntel



---------------  S Y S T E M  ---------------

OS: Windows 11 , 64 bit Build 22000 (10.0.22000.120)
OS uptime: 52 days 23:38 hours

CPU:total 4 (initial active 4) (2 cores per cpu, 2 threads per core) family 6 model 126 stepping 5 microcode 0x86, cmov, cx8, fxsr, mmx, sse, sse2, sse3, ssse3, sse4.1, sse4.2, popcnt, avx, avx2, aes, clmul, erms, 3dnowpref, lzcnt, ht, tsc, tscinvbit, bmi1, bmi2, adx, evex, sha, fma

Memory: 4k page, system-wide physical 12030M (2261M free)
TotalPageFile size 27099M (AvailPageFile size 787M)
current process WorkingSet (physical memory assigned to process): 189M, peak: 189M
current process commit charge ("private bytes"): 337M, peak: 338M

vm_info: OpenJDK 64-Bit Server VM (11.0.13+0-b1751.21-8125866) for windows-amd64 JRE (11.0.13+0-b1751.21-8125866), built on Feb  2 2022 03:00:22 by "builder" with MS VC++ 14.0 (VS2015)

END.
